<?xml version="1.0" encoding="UTF-8"?>
<!-- Generated by org.testng.reporters.JUnitReportReporter -->
<testsuite skipped="0" hostname="MLB-Tracfone-PC" name="com.testCases.C2taLoginTest" tests="1" failures="0" timestamp="11 Dec 2020 20:50:49 GMT" time="9.127" errors="0">
  <testcase name="login" time="9.127" classname="com.testCases.C2taLoginTest"/>
</testsuite> <!-- com.testCases.C2taLoginTest -->
