<?xml version="1.0" encoding="UTF-8"?>
<!-- Generated by org.testng.reporters.JUnitReportReporter -->
<testsuite skipped="0" hostname="MLB-Tracfone-PC" name="com.testCases.C2taRegistrationTest" tests="1" failures="0" timestamp="08 Dec 2020 19:19:56 GMT" time="3.141" errors="0">
  <testcase name="login" time="3.141" classname="com.testCases.C2taRegistrationTest"/>
</testsuite> <!-- com.testCases.C2taRegistrationTest -->
